C:\Program Files (x86)\Microsoft Visual Studio\2017\Community\Common7\IDE\VC\VCTargets\Microsoft.CppBuild.targets(377,5): warning MSB8004: Output Directory does not end with a trailing slash.  This build instance will add the slash as it is required to allow proper evaluation of the Output Directory.
  CheckRouteFound.c
  DSR.c
e:\application_engineering\sink_hole_attack_dsr_v11.1\sink_hole_attack_dsr_workspace\src\simulation\dsr\dsr.c(122): warning C4013: 'fn_NetSim_DSR_MaliciousNode' undefined; assuming extern returning int
e:\application_engineering\sink_hole_attack_dsr_v11.1\sink_hole_attack_dsr_workspace\src\simulation\dsr\dsr.c(123): warning C4013: 'fn_NetSim_DSR_MaliciousProcessSourceRouteOption' undefined; assuming extern returning int
e:\application_engineering\sink_hole_attack_dsr_v11.1\sink_hole_attack_dsr_workspace\src\simulation\dsr\dsr.c(133): warning C4013: 'fn_NetSim_DSR_MaliciousRouteAddToCache' undefined; assuming extern returning int
  MaintBuffer.c
  Malicious.c
  Network_Layer_Ack.c
  PacketProcessing.c
  RouteCache.c
  RouteError.c
  RouteReply.c
  RouteRequest.c
  SendBuffer.c
  SourceRoute.c
  Generating Code...
C:\Program Files (x86)\Microsoft Visual Studio\2017\Community\Common7\IDE\VC\VCTargets\Microsoft.CppBuild.targets(1216,5): warning MSB8012: TargetPath(E:\Application_Engineering\SINK_HOLE_ATTACK_DSR_v11.1\SINK_HOLE_ATTACK_DSR_WorkSpace\src\Simulation\DSR\..\..\..\bin\bin_x64\DSR.dll) does not match the Linker's OutputFile property value (E:\Application_Engineering\SINK_HOLE_ATTACK_DSR_v11.1\SINK_HOLE_ATTACK_DSR_WorkSpace\bin\bin_x64\libDSR.dll). This may cause your project to build incorrectly. To correct this, please make sure that $(OutDir), $(TargetName) and $(TargetExt) property values match the value specified in %(Link.OutputFile).
C:\Program Files (x86)\Microsoft Visual Studio\2017\Community\Common7\IDE\VC\VCTargets\Microsoft.CppBuild.targets(1218,5): warning MSB8012: TargetName(DSR) does not match the Linker's OutputFile property value (libDSR). This may cause your project to build incorrectly. To correct this, please make sure that $(OutDir), $(TargetName) and $(TargetExt) property values match the value specified in %(Link.OutputFile).
CheckRouteFound.obj : warning LNK4075: ignoring '/EDITANDCONTINUE' due to '/INCREMENTAL:NO' specification
  List.lib(List.obj) : MSIL .netmodule or module compiled with /GL found; restarting link with /LTCG; add /LTCG to the link command line to improve linker performance
CheckRouteFound.obj : warning LNK4075: ignoring '/EDITANDCONTINUE' due to '/INCREMENTAL:NO' specification
     Creating library ..\..\..\bin\bin_x64\DSR.lib and object ..\..\..\bin\bin_x64\DSR.exp
LINK : warning LNK4098: defaultlib 'MSVCRT' conflicts with use of other libs; use /NODEFAULTLIB:library
  Generating code
  Finished generating code
List.lib(List.obj) : warning LNK4099: PDB 'List.pdb' was not found with 'List.lib(List.obj)' or at 'E:\Application_Engineering\SINK_HOLE_ATTACK_DSR_v11.1\SINK_HOLE_ATTACK_DSR_WorkSpace\bin\bin_x64\List.pdb'; linking object as if no debug info
DSR.lib(DSR.obj) : warning LNK4099: PDB 'DSRLib.pdb' was not found with 'DSR.lib(DSR.obj)' or at 'E:\Application_Engineering\SINK_HOLE_ATTACK_DSR_v11.1\SINK_HOLE_ATTACK_DSR_WorkSpace\bin\bin_x64\DSRLib.pdb'; linking object as if no debug info
DSR.lib(LinkLayerAck.obj) : warning LNK4099: PDB 'DSRLib.pdb' was not found with 'DSR.lib(LinkLayerAck.obj)' or at 'E:\Application_Engineering\SINK_HOLE_ATTACK_DSR_v11.1\SINK_HOLE_ATTACK_DSR_WorkSpace\bin\bin_x64\DSRLib.pdb'; linking object as if no debug info
  DSR.vcxproj -> E:\Application_Engineering\SINK_HOLE_ATTACK_DSR_v11.1\SINK_HOLE_ATTACK_DSR_WorkSpace\src\Simulation\DSR\..\..\..\bin\bin_x64\DSR.dll
